<?xml version="1.0" encoding="UTF-8"?>
<!-- Generated by org.testng.reporters.JUnitReportReporter -->
<testsuite hostname="OJAS00271" failures="0" tests="1" name="com.adactin.abc" time="1.640" errors="0" timestamp="2021-03-11T14:57:43 IST" skipped="0">
  <testcase classname="com.adactin.abc" name="test" time="1.640"/>
  <system-out/>
</testsuite> <!-- com.adactin.abc -->
