<?xml version="1.0" encoding="UTF-8"?>
<!-- Generated by org.testng.reporters.JUnitReportReporter -->
<testsuite hostname="OJAS00271" failures="0" tests="1" name="com.SR.TestScript" time="21.137" errors="0" timestamp="2021-03-12T14:37:47 IST" skipped="0">
  <testcase classname="com.SR.TestScript" name="test" time="21.137"/>
  <system-out/>
</testsuite> <!-- com.SR.TestScript -->
